2021-05-18 14:21:57 : 2021/05/18 14:21:57 Starting
2021-05-18 14:21:57 : 2021/05/18 14:21:57 LoadIni
2021-05-18 14:22:03 : 2021/05/18 14:22:03 SaveIni
2021-05-18 14:23:31 : 2021/05/18 14:23:31 SaveIni
2021-05-18 14:23:31 : 2021/05/18 14:23:31 Exiting
2021-05-18 14:23:33 : 2021/05/18 14:23:33 Starting
2021-05-18 14:23:33 : 2021/05/18 14:23:33 LoadIni
2021-05-18 15:56:51 : 2021/05/18 15:56:51 SaveIni
2021-05-18 15:56:51 : 2021/05/18 15:56:51 Exiting
2021-05-18 16:02:06 : 2021/05/18 16:02:06 Starting
2021-05-18 16:02:06 : 2021/05/18 16:02:06 LoadIni
2021-05-18 16:02:13 : 2021/05/18 16:02:13 SaveIni
2021-05-18 16:02:13 : 2021/05/18 16:02:13 Exiting
2021-05-18 16:05:54 : 2021/05/18 16:05:54 Starting
2021-05-18 16:05:54 : 2021/05/18 16:05:54 LoadIni
2021-05-18 18:56:57 : 2021/05/18 18:56:57 Starting
2021-05-18 18:56:57 : 2021/05/18 18:56:57 LoadIni
2021-05-18 18:57:02 : 2021/05/18 18:57:02 SaveIni
2021-05-18 18:57:02 : 2021/05/18 18:57:02 Exiting
2021-05-18 18:58:21 : 2021/05/18 18:58:21 SaveIni
2021-05-18 18:58:21 : 2021/05/18 18:58:21 Exiting
2021-05-18 19:00:08 : 2021/05/18 19:00:08 Starting
2021-05-18 19:00:08 : 2021/05/18 19:00:08 LoadIni
2021-05-18 19:02:04 : 2021/05/18 19:02:04 SaveIni
2021-05-18 19:19:40 : 2021/05/18 19:19:40 Run [Bluestacks.exe]
2021-05-18 19:28:31 : 2021/05/18 19:28:31 Run [Bluestacks.exe]
2021-05-18 19:37:22 : 2021/05/18 19:37:22 Run [Bluestacks.exe]
2021-05-18 19:46:12 : 2021/05/18 19:46:12 Run [Bluestacks.exe]
2021-05-18 19:55:03 : 2021/05/18 19:55:03 Run [Bluestacks.exe]
2021-05-19 08:08:06 : 2021/05/19 08:08:06 Run [Bluestacks.exe]
2021-05-19 08:34:12 : 2021/05/19 08:34:12 SaveIni
2021-05-19 08:34:12 : 2021/05/19 08:34:12 Exiting
